<?xml version="1.0" encoding="UTF-8"?>
<!-- Generated by org.testng.reporters.JUnitReportReporter -->
<testsuite hostname="andrew-VAIO" name="com.test.testcases.Logintest" tests="1" failures="0" timestamp="12 Nov 2019 22:59:16 GMT" time="16.132" errors="0">
  <testcase name="loginApp" time="16.132" classname="com.test.testcases.Logintest"/>
</testsuite> <!-- com.test.testcases.Logintest -->
